Using pre-set license
Built from '2020.2/release' branch; Version is '2020.2.1f1 (270dd8c3da1c) revision 2559448'; Using compiler version '192528614'; Build Type 'Release'
OS: 'Windows 10  (10.0.0) 64bit' Language: 'pl' Physical Memory: 16335 MB
BatchMode: 1, IsHumanControllingUs: 0, StartBugReporterOnCrash: 0, Is64bit: 1, IsPro: 0

 COMMAND LINE ARGUMENTS:
C:\Program Files\Unity\Hub\Editor\2020.2.1f1\Editor\Unity.exe
-adb2
-batchMode
-noUpm
-name
AssetImportWorker2
-projectPath
D:/GITHUB/KrakJamProject_2021/krak-jam-game
-logFile
Logs/AssetImportWorker2.log
-srvPort
61022
Successfully changed project path to: D:/GITHUB/KrakJamProject_2021/krak-jam-game
D:/GITHUB/KrakJamProject_2021/krak-jam-game
Using Asset Import Pipeline V2.
Default GameObject Tag: Player already registered

Refreshing native plugins compatible for Editor in 84.84 ms, found 0 plugins.
Preloading 0 native plugins for Editor in 0.00 ms.
Initialize engine version: 2020.2.1f1 (270dd8c3da1c)
[Subsystems] Discovering subsystems at path C:/Program Files/Unity/Hub/Editor/2020.2.1f1/Editor/Data/Resources/UnitySubsystems
[Subsystems] Discovering subsystems at path D:/GITHUB/KrakJamProject_2021/krak-jam-game/Assets
GfxDevice: creating device client; threaded=0
Direct3D:
    Version:  Direct3D 11.0 [level 11.1]
    Renderer: NVIDIA GeForce GTX 1060 6GB (ID=0x1c03)
    Vendor:   
    VRAM:     6052 MB
    Driver:   27.21.14.6089
Initialize mono
Mono path[0] = 'C:/Program Files/Unity/Hub/Editor/2020.2.1f1/Editor/Data/Managed'
Mono path[1] = 'C:/Program Files/Unity/Hub/Editor/2020.2.1f1/Editor/Data/MonoBleedingEdge/lib/mono/unityjit'
Mono config path = 'C:/Program Files/Unity/Hub/Editor/2020.2.1f1/Editor/Data/MonoBleedingEdge/etc'
Using monoOptions --debugger-agent=transport=dt_socket,embedding=1,server=y,suspend=n,address=127.0.0.1:56840
Begin MonoManager ReloadAssembly
Registering precompiled unity dll's ...
Register platform support module: C:/Program Files/Unity/Hub/Editor/2020.2.1f1/Editor/Data/PlaybackEngines/WebGLSupport/UnityEditor.WebGL.Extensions.dll
Register platform support module: C:/Program Files/Unity/Hub/Editor/2020.2.1f1/Editor/Data/PlaybackEngines/WindowsStandaloneSupport/UnityEditor.WindowsStandalone.Extensions.dll
Registered in 0.008802 seconds.
Native extension for WindowsStandalone target not found
Native extension for WebGL target not found
Refreshing native plugins compatible for Editor in 58.42 ms, found 0 plugins.
Preloading 0 native plugins for Editor in 0.00 ms.
Invoked RoslynAnalysisRunner static constructor.
RoslynAnalysisRunner will not be running.
RoslynAnalysisRunner has terminated.
Mono: successfully reloaded assembly
- Completed reload, in  1.630 seconds
Platform modules already initialized, skipping
Registering precompiled user dll's ...
Registered in 0.014263 seconds.
Begin MonoManager ReloadAssembly
Symbol file LoadedFromMemory is not a mono symbol file
Native extension for WindowsStandalone target not found
Native extension for WebGL target not found
Refreshing native plugins compatible for Editor in 0.68 ms, found 0 plugins.
Preloading 0 native plugins for Editor in 0.00 ms.
Invoked RoslynAnalysisRunner static constructor.
RoslynAnalysisRunner will not be running.
RoslynAnalysisRunner has terminated.
Mono: successfully reloaded assembly
- Completed reload, in  1.198 seconds
Platform modules already initialized, skipping
========================================================================
Worker process is ready to serve import requests
Default GameObject Tag: Player already registered

Launched and connected shader compiler UnityShaderCompiler.exe after 0.05 seconds
Refreshing native plugins compatible for Editor in 0.54 ms, found 0 plugins.
Preloading 0 native plugins for Editor in 0.00 ms.
Unloading 1662 Unused Serialized files (Serialized files now loaded: 0)
System memory in use before: 78.8 MB.
System memory in use after: 78.9 MB.

Unloading 43 unused Assets to reduce memory usage. Loaded Objects now: 2087.
Total: 1.998600 ms (FindLiveObjects: 0.215000 ms CreateObjectMapping: 0.041100 ms MarkObjects: 1.665200 ms  DeleteObjects: 0.076200 ms)

========================================================================
Received Import Request.
  path: Assets/Resources/PhotonPrefab/MonsterPrefab.prefab
  artifactKey: Guid(ec4dc863f4ba5d847a3eb298d29b63c5) Importer(815301076,1909f56bfc062723c751e8b465ee728b)
Start importing Assets/Resources/PhotonPrefab/MonsterPrefab.prefab using Guid(ec4dc863f4ba5d847a3eb298d29b63c5) Importer(815301076,1909f56bfc062723c751e8b465ee728b)  -> (artifact id: 'b328295a520d2e91307a04c8eb608182') in 0.120663 seconds
  Import took 0.123803 seconds .

========================================================================
Received Import Request.
  Time since last request: 0.000304 seconds.
  path: Assets/Resources/PhotonPrefab/PlayerManager.prefab
  artifactKey: Guid(74f4477d0c13c374a930e5ea08a1cd85) Importer(815301076,1909f56bfc062723c751e8b465ee728b)
Start importing Assets/Resources/PhotonPrefab/PlayerManager.prefab using Guid(74f4477d0c13c374a930e5ea08a1cd85) Importer(815301076,1909f56bfc062723c751e8b465ee728b)  -> (artifact id: '19a5973209d2dd252583b2e141288bec') in 0.013831 seconds
  Import took 0.016759 seconds .

========================================================================
Received Import Request.
  Time since last request: 1.209725 seconds.
  path: Assets/Resources/PhotonPrefab/MonsterPrefab.prefab
  artifactKey: Guid(ec4dc863f4ba5d847a3eb298d29b63c5) Importer(815301076,1909f56bfc062723c751e8b465ee728b)
Start importing Assets/Resources/PhotonPrefab/MonsterPrefab.prefab using Guid(ec4dc863f4ba5d847a3eb298d29b63c5) Importer(815301076,1909f56bfc062723c751e8b465ee728b)  -> (artifact id: 'bde1c93b4866e9652313a65f66017357') in 0.019329 seconds
  Import took 0.023119 seconds .

========================================================================
Received Import Request.
  Time since last request: 0.450241 seconds.
  path: Assets/Resources/PhotonPrefab/PlayerManager.prefab
  artifactKey: Guid(74f4477d0c13c374a930e5ea08a1cd85) Importer(815301076,1909f56bfc062723c751e8b465ee728b)
Start importing Assets/Resources/PhotonPrefab/PlayerManager.prefab using Guid(74f4477d0c13c374a930e5ea08a1cd85) Importer(815301076,1909f56bfc062723c751e8b465ee728b)  -> (artifact id: '85b66b84ee96ab21976972b073196f2f') in 0.014770 seconds
  Import took 0.018524 seconds .

========================================================================
Received Import Request.
  Time since last request: 0.000388 seconds.
  path: Assets/Resources/PhotonPrefab/PlayerPrefab.prefab
  artifactKey: Guid(44bfdd01e0a203a4ea2f20d8297677f9) Importer(815301076,1909f56bfc062723c751e8b465ee728b)
Start importing Assets/Resources/PhotonPrefab/PlayerPrefab.prefab using Guid(44bfdd01e0a203a4ea2f20d8297677f9) Importer(815301076,1909f56bfc062723c751e8b465ee728b)  -> (artifact id: 'e265bbdd5dafbe7efe72d6f1de994a39') in 0.015653 seconds
  Import took 0.019310 seconds .

========================================================================
Received Import Request.
  Time since last request: 6.428625 seconds.
  path: Assets/Resources/PhotonPrefab/MonsterPrefab.prefab
  artifactKey: Guid(ec4dc863f4ba5d847a3eb298d29b63c5) Importer(815301076,1909f56bfc062723c751e8b465ee728b)
Start importing Assets/Resources/PhotonPrefab/MonsterPrefab.prefab using Guid(ec4dc863f4ba5d847a3eb298d29b63c5) Importer(815301076,1909f56bfc062723c751e8b465ee728b)  -> (artifact id: 'af7b1ef36564cc5467a82e32f89b9694') in 0.016818 seconds
  Import took 0.021089 seconds .

========================================================================
Received Prepare
Default GameObject Tag: Player already registered

Registering precompiled user dll's ...
Registered in 0.013097 seconds.
Begin MonoManager ReloadAssembly
Symbol file LoadedFromMemory is not a mono symbol file
Native extension for WindowsStandalone target not found
Native extension for WebGL target not found
Refreshing native plugins compatible for Editor in 0.55 ms, found 0 plugins.
Preloading 0 native plugins for Editor in 0.00 ms.
Invoked RoslynAnalysisRunner static constructor.
RoslynAnalysisRunner will not be running.
RoslynAnalysisRunner has terminated.
Mono: successfully reloaded assembly
- Completed reload, in  1.096 seconds
Platform modules already initialized, skipping
Refreshing native plugins compatible for Editor in 0.57 ms, found 0 plugins.
Preloading 0 native plugins for Editor in 0.00 ms.
Unloading 1643 Unused Serialized files (Serialized files now loaded: 0)
System memory in use before: 81.7 MB.
System memory in use after: 81.8 MB.

Unloading 35 unused Assets to reduce memory usage. Loaded Objects now: 2098.
Total: 1.984600 ms (FindLiveObjects: 0.270900 ms CreateObjectMapping: 0.041500 ms MarkObjects: 1.608400 ms  DeleteObjects: 0.061500 ms)

========================================================================
Received Prepare
Default GameObject Tag: Player already registered

Refreshing native plugins compatible for Editor in 19.78 ms, found 0 plugins.
Preloading 0 native plugins for Editor in 0.00 ms.
Unloading 32 Unused Serialized files (Serialized files now loaded: 0)
System memory in use before: 50.0 MB.
System memory in use after: 50.1 MB.

Unloading 32 unused Assets to reduce memory usage. Loaded Objects now: 2098.
Total: 2.224900 ms (FindLiveObjects: 0.224700 ms CreateObjectMapping: 0.040800 ms MarkObjects: 1.884900 ms  DeleteObjects: 0.073400 ms)

========================================================================
Received Prepare
Default GameObject Tag: Player already registered

Registering precompiled user dll's ...
Registered in 0.016599 seconds.
Begin MonoManager ReloadAssembly
Symbol file LoadedFromMemory is not a mono symbol file
Native extension for WindowsStandalone target not found
Native extension for WebGL target not found
Refreshing native plugins compatible for Editor in 0.60 ms, found 0 plugins.
Preloading 0 native plugins for Editor in 0.00 ms.
Invoked RoslynAnalysisRunner static constructor.
RoslynAnalysisRunner will not be running.
RoslynAnalysisRunner has terminated.
Mono: successfully reloaded assembly
- Completed reload, in  1.203 seconds
Platform modules already initialized, skipping
Refreshing native plugins compatible for Editor in 0.65 ms, found 0 plugins.
Preloading 0 native plugins for Editor in 0.00 ms.
Unloading 1643 Unused Serialized files (Serialized files now loaded: 0)
System memory in use before: 81.7 MB.
System memory in use after: 81.8 MB.

Unloading 34 unused Assets to reduce memory usage. Loaded Objects now: 2100.
Total: 2.604400 ms (FindLiveObjects: 0.312700 ms CreateObjectMapping: 0.121000 ms MarkObjects: 2.091200 ms  DeleteObjects: 0.078000 ms)

========================================================================
Received Prepare
Default GameObject Tag: Player already registered

Registering precompiled user dll's ...
Registered in 0.013385 seconds.
Begin MonoManager ReloadAssembly
Symbol file LoadedFromMemory is not a mono symbol file
Native extension for WindowsStandalone target not found
Native extension for WebGL target not found
Refreshing native plugins compatible for Editor in 0.61 ms, found 0 plugins.
Preloading 0 native plugins for Editor in 0.00 ms.
Invoked RoslynAnalysisRunner static constructor.
RoslynAnalysisRunner will not be running.
RoslynAnalysisRunner has terminated.
Mono: successfully reloaded assembly
- Completed reload, in  1.052 seconds
Platform modules already initialized, skipping
Refreshing native plugins compatible for Editor in 0.54 ms, found 0 plugins.
Preloading 0 native plugins for Editor in 0.00 ms.
Unloading 1643 Unused Serialized files (Serialized files now loaded: 0)
System memory in use before: 81.7 MB.
System memory in use after: 81.8 MB.

Unloading 34 unused Assets to reduce memory usage. Loaded Objects now: 2102.
Total: 2.050000 ms (FindLiveObjects: 0.200000 ms CreateObjectMapping: 0.039900 ms MarkObjects: 1.739400 ms  DeleteObjects: 0.069600 ms)

========================================================================
Received Prepare
Default GameObject Tag: Player already registered

Refreshing native plugins compatible for Editor in 21.48 ms, found 0 plugins.
Preloading 0 native plugins for Editor in 0.00 ms.
Unloading 32 Unused Serialized files (Serialized files now loaded: 0)
System memory in use before: 50.0 MB.
System memory in use after: 50.1 MB.

Unloading 32 unused Assets to reduce memory usage. Loaded Objects now: 2102.
Total: 1.940300 ms (FindLiveObjects: 0.196600 ms CreateObjectMapping: 0.039500 ms MarkObjects: 1.645500 ms  DeleteObjects: 0.056600 ms)

========================================================================
Received Prepare
Default GameObject Tag: Player already registered

Registering precompiled user dll's ...
Registered in 0.015621 seconds.
Begin MonoManager ReloadAssembly
Symbol file LoadedFromMemory is not a mono symbol file
Native extension for WindowsStandalone target not found
Native extension for WebGL target not found
Refreshing native plugins compatible for Editor in 1.14 ms, found 0 plugins.
Preloading 0 native plugins for Editor in 0.00 ms.
Invoked RoslynAnalysisRunner static constructor.
RoslynAnalysisRunner will not be running.
RoslynAnalysisRunner has terminated.
Mono: successfully reloaded assembly
- Completed reload, in  1.322 seconds
Platform modules already initialized, skipping
Refreshing native plugins compatible for Editor in 0.76 ms, found 0 plugins.
Preloading 0 native plugins for Editor in 0.00 ms.
Unloading 1643 Unused Serialized files (Serialized files now loaded: 0)
System memory in use before: 81.8 MB.
System memory in use after: 81.8 MB.

Unloading 34 unused Assets to reduce memory usage. Loaded Objects now: 2104.
Total: 2.593400 ms (FindLiveObjects: 0.391400 ms CreateObjectMapping: 0.065300 ms MarkObjects: 2.064000 ms  DeleteObjects: 0.071300 ms)

========================================================================
Received Prepare
Default GameObject Tag: Player already registered

Registering precompiled user dll's ...
Registered in 0.012629 seconds.
Begin MonoManager ReloadAssembly
Symbol file LoadedFromMemory is not a mono symbol file
Native extension for WindowsStandalone target not found
Native extension for WebGL target not found
Refreshing native plugins compatible for Editor in 0.55 ms, found 0 plugins.
Preloading 0 native plugins for Editor in 0.00 ms.
Invoked RoslynAnalysisRunner static constructor.
RoslynAnalysisRunner will not be running.
RoslynAnalysisRunner has terminated.
Mono: successfully reloaded assembly
- Completed reload, in  1.064 seconds
Platform modules already initialized, skipping
Refreshing native plugins compatible for Editor in 0.55 ms, found 0 plugins.
Preloading 0 native plugins for Editor in 0.00 ms.
Unloading 1643 Unused Serialized files (Serialized files now loaded: 0)
System memory in use before: 81.8 MB.
System memory in use after: 81.9 MB.

Unloading 34 unused Assets to reduce memory usage. Loaded Objects now: 2106.
Total: 2.040200 ms (FindLiveObjects: 0.269700 ms CreateObjectMapping: 0.049400 ms MarkObjects: 1.661400 ms  DeleteObjects: 0.058900 ms)

========================================================================
Received Prepare
Default GameObject Tag: Player already registered

Refreshing native plugins compatible for Editor in 18.80 ms, found 0 plugins.
Preloading 0 native plugins for Editor in 0.00 ms.
Unloading 32 Unused Serialized files (Serialized files now loaded: 0)
System memory in use before: 50.1 MB.
System memory in use after: 50.2 MB.

Unloading 32 unused Assets to reduce memory usage. Loaded Objects now: 2106.
Total: 1.898300 ms (FindLiveObjects: 0.200800 ms CreateObjectMapping: 0.038800 ms MarkObjects: 1.597300 ms  DeleteObjects: 0.060300 ms)

========================================================================
Received Prepare
Default GameObject Tag: Player already registered

Registering precompiled user dll's ...
Registered in 0.013570 seconds.
Begin MonoManager ReloadAssembly
Symbol file LoadedFromMemory is not a mono symbol file
Native extension for WindowsStandalone target not found
Native extension for WebGL target not found
Refreshing native plugins compatible for Editor in 0.62 ms, found 0 plugins.
Preloading 0 native plugins for Editor in 0.00 ms.
Invoked RoslynAnalysisRunner static constructor.
RoslynAnalysisRunner will not be running.
RoslynAnalysisRunner has terminated.
Mono: successfully reloaded assembly
- Completed reload, in  1.150 seconds
Platform modules already initialized, skipping
Refreshing native plugins compatible for Editor in 0.57 ms, found 0 plugins.
Preloading 0 native plugins for Editor in 0.00 ms.
Unloading 1643 Unused Serialized files (Serialized files now loaded: 0)
System memory in use before: 81.8 MB.
System memory in use after: 81.9 MB.

Unloading 34 unused Assets to reduce memory usage. Loaded Objects now: 2108.
Total: 2.498100 ms (FindLiveObjects: 0.262000 ms CreateObjectMapping: 0.050500 ms MarkObjects: 2.111000 ms  DeleteObjects: 0.072800 ms)

========================================================================
Received Prepare
Default GameObject Tag: Player already registered

Registering precompiled user dll's ...
Registered in 0.015656 seconds.
Begin MonoManager ReloadAssembly
Symbol file LoadedFromMemory is not a mono symbol file
Native extension for WindowsStandalone target not found
Native extension for WebGL target not found
Refreshing native plugins compatible for Editor in 0.55 ms, found 0 plugins.
Preloading 0 native plugins for Editor in 0.00 ms.
Invoked RoslynAnalysisRunner static constructor.
RoslynAnalysisRunner will not be running.
RoslynAnalysisRunner has terminated.
Mono: successfully reloaded assembly
- Completed reload, in  1.100 seconds
Platform modules already initialized, skipping
Refreshing native plugins compatible for Editor in 0.56 ms, found 0 plugins.
Preloading 0 native plugins for Editor in 0.00 ms.
Unloading 1643 Unused Serialized files (Serialized files now loaded: 0)
System memory in use before: 81.8 MB.
System memory in use after: 81.9 MB.

Unloading 34 unused Assets to reduce memory usage. Loaded Objects now: 2110.
Total: 1.969700 ms (FindLiveObjects: 0.224200 ms CreateObjectMapping: 0.040800 ms MarkObjects: 1.640900 ms  DeleteObjects: 0.062700 ms)

========================================================================
Received Prepare
Default GameObject Tag: Player already registered

Refreshing native plugins compatible for Editor in 21.28 ms, found 0 plugins.
Preloading 0 native plugins for Editor in 0.00 ms.
Unloading 32 Unused Serialized files (Serialized files now loaded: 0)
System memory in use before: 50.1 MB.
System memory in use after: 50.2 MB.

Unloading 32 unused Assets to reduce memory usage. Loaded Objects now: 2110.
Total: 1.955100 ms (FindLiveObjects: 0.196900 ms CreateObjectMapping: 0.037700 ms MarkObjects: 1.660700 ms  DeleteObjects: 0.058300 ms)

========================================================================
Received Prepare
Default GameObject Tag: Player already registered

Registering precompiled user dll's ...
Registered in 0.012776 seconds.
Begin MonoManager ReloadAssembly
Symbol file LoadedFromMemory is not a mono symbol file
Native extension for WindowsStandalone target not found
Native extension for WebGL target not found
Refreshing native plugins compatible for Editor in 0.69 ms, found 0 plugins.
Preloading 0 native plugins for Editor in 0.00 ms.
Invoked RoslynAnalysisRunner static constructor.
RoslynAnalysisRunner will not be running.
RoslynAnalysisRunner has terminated.
Mono: successfully reloaded assembly
- Completed reload, in  1.121 seconds
Platform modules already initialized, skipping
Refreshing native plugins compatible for Editor in 0.84 ms, found 0 plugins.
Preloading 0 native plugins for Editor in 0.00 ms.
Unloading 1643 Unused Serialized files (Serialized files now loaded: 0)
System memory in use before: 81.8 MB.
System memory in use after: 81.9 MB.

Unloading 34 unused Assets to reduce memory usage. Loaded Objects now: 2112.
Total: 2.868300 ms (FindLiveObjects: 0.261700 ms CreateObjectMapping: 0.040900 ms MarkObjects: 2.462000 ms  DeleteObjects: 0.101700 ms)

========================================================================
Received Prepare
Default GameObject Tag: Player already registered

Registering precompiled user dll's ...
Registered in 0.013627 seconds.
Begin MonoManager ReloadAssembly
Symbol file LoadedFromMemory is not a mono symbol file
Native extension for WindowsStandalone target not found
Native extension for WebGL target not found
Refreshing native plugins compatible for Editor in 0.58 ms, found 0 plugins.
Preloading 0 native plugins for Editor in 0.00 ms.
Invoked RoslynAnalysisRunner static constructor.
RoslynAnalysisRunner will not be running.
RoslynAnalysisRunner has terminated.
Mono: successfully reloaded assembly
- Completed reload, in  1.106 seconds
Platform modules already initialized, skipping
Refreshing native plugins compatible for Editor in 0.54 ms, found 0 plugins.
Preloading 0 native plugins for Editor in 0.00 ms.
Unloading 1643 Unused Serialized files (Serialized files now loaded: 0)
System memory in use before: 81.8 MB.
System memory in use after: 81.9 MB.

Unloading 34 unused Assets to reduce memory usage. Loaded Objects now: 2114.
Total: 1.927200 ms (FindLiveObjects: 0.207900 ms CreateObjectMapping: 0.038600 ms MarkObjects: 1.620300 ms  DeleteObjects: 0.059200 ms)

========================================================================
Received Prepare
Default GameObject Tag: Player already registered

Refreshing native plugins compatible for Editor in 25.87 ms, found 0 plugins.
Preloading 0 native plugins for Editor in 0.00 ms.
Unloading 32 Unused Serialized files (Serialized files now loaded: 0)
System memory in use before: 50.1 MB.
System memory in use after: 50.2 MB.

Unloading 32 unused Assets to reduce memory usage. Loaded Objects now: 2114.
Total: 2.147000 ms (FindLiveObjects: 0.297800 ms CreateObjectMapping: 0.056600 ms MarkObjects: 1.723600 ms  DeleteObjects: 0.067600 ms)

========================================================================
Received Prepare
Default GameObject Tag: Player already registered

Registering precompiled user dll's ...
Registered in 0.013385 seconds.
Begin MonoManager ReloadAssembly
Symbol file LoadedFromMemory is not a mono symbol file
Native extension for WindowsStandalone target not found
Native extension for WebGL target not found
Refreshing native plugins compatible for Editor in 0.83 ms, found 0 plugins.
Preloading 0 native plugins for Editor in 0.00 ms.
Invoked RoslynAnalysisRunner static constructor.
RoslynAnalysisRunner will not be running.
RoslynAnalysisRunner has terminated.
Mono: successfully reloaded assembly
- Completed reload, in  1.210 seconds
Platform modules already initialized, skipping
Refreshing native plugins compatible for Editor in 0.55 ms, found 0 plugins.
Preloading 0 native plugins for Editor in 0.00 ms.
Unloading 1643 Unused Serialized files (Serialized files now loaded: 0)
System memory in use before: 81.8 MB.
System memory in use after: 81.9 MB.

Unloading 34 unused Assets to reduce memory usage. Loaded Objects now: 2116.
Total: 2.114100 ms (FindLiveObjects: 0.213300 ms CreateObjectMapping: 0.039400 ms MarkObjects: 1.789100 ms  DeleteObjects: 0.070700 ms)

========================================================================
Received Prepare
Default GameObject Tag: Player already registered

Registering precompiled user dll's ...
Registered in 0.012866 seconds.
Begin MonoManager ReloadAssembly
Symbol file LoadedFromMemory is not a mono symbol file
Native extension for WindowsStandalone target not found
Native extension for WebGL target not found
Refreshing native plugins compatible for Editor in 0.72 ms, found 0 plugins.
Preloading 0 native plugins for Editor in 0.00 ms.
Invoked RoslynAnalysisRunner static constructor.
RoslynAnalysisRunner will not be running.
RoslynAnalysisRunner has terminated.
Mono: successfully reloaded assembly
- Completed reload, in  1.078 seconds
Platform modules already initialized, skipping
Refreshing native plugins compatible for Editor in 0.68 ms, found 0 plugins.
Preloading 0 native plugins for Editor in 0.00 ms.
Unloading 1643 Unused Serialized files (Serialized files now loaded: 0)
System memory in use before: 81.8 MB.
System memory in use after: 81.9 MB.

Unloading 34 unused Assets to reduce memory usage. Loaded Objects now: 2118.
Total: 1.934800 ms (FindLiveObjects: 0.214100 ms CreateObjectMapping: 0.039400 ms MarkObjects: 1.619500 ms  DeleteObjects: 0.060800 ms)

========================================================================
Received Prepare
Default GameObject Tag: Player already registered

Refreshing native plugins compatible for Editor in 18.90 ms, found 0 plugins.
Preloading 0 native plugins for Editor in 0.00 ms.
Unloading 32 Unused Serialized files (Serialized files now loaded: 0)
System memory in use before: 50.1 MB.
System memory in use after: 50.2 MB.

Unloading 32 unused Assets to reduce memory usage. Loaded Objects now: 2118.
Total: 1.981800 ms (FindLiveObjects: 0.273700 ms CreateObjectMapping: 0.054200 ms MarkObjects: 1.589600 ms  DeleteObjects: 0.062800 ms)

========================================================================
Received Prepare
Default GameObject Tag: Player already registered

Refreshing native plugins compatible for Editor in 19.21 ms, found 0 plugins.
Preloading 0 native plugins for Editor in 0.00 ms.
Unloading 32 Unused Serialized files (Serialized files now loaded: 0)
System memory in use before: 50.1 MB.
System memory in use after: 50.2 MB.

Unloading 32 unused Assets to reduce memory usage. Loaded Objects now: 2118.
Total: 2.624800 ms (FindLiveObjects: 0.370400 ms CreateObjectMapping: 0.102800 ms MarkObjects: 2.076900 ms  DeleteObjects: 0.073200 ms)

========================================================================
Received Prepare
Default GameObject Tag: Player already registered

Refreshing native plugins compatible for Editor in 18.17 ms, found 0 plugins.
Preloading 0 native plugins for Editor in 0.00 ms.
Unloading 32 Unused Serialized files (Serialized files now loaded: 0)
System memory in use before: 50.1 MB.
System memory in use after: 50.2 MB.

Unloading 32 unused Assets to reduce memory usage. Loaded Objects now: 2118.
Total: 2.017900 ms (FindLiveObjects: 0.203500 ms CreateObjectMapping: 0.038600 ms MarkObjects: 1.715800 ms  DeleteObjects: 0.058700 ms)

========================================================================
Received Prepare
Default GameObject Tag: Player already registered

Registering precompiled user dll's ...
Registered in 0.014474 seconds.
Begin MonoManager ReloadAssembly
Symbol file LoadedFromMemory is not a mono symbol file
Native extension for WindowsStandalone target not found
Native extension for WebGL target not found
Refreshing native plugins compatible for Editor in 0.57 ms, found 0 plugins.
Preloading 0 native plugins for Editor in 0.00 ms.
Invoked RoslynAnalysisRunner static constructor.
RoslynAnalysisRunner will not be running.
RoslynAnalysisRunner has terminated.
Mono: successfully reloaded assembly
- Completed reload, in  1.141 seconds
Platform modules already initialized, skipping
Refreshing native plugins compatible for Editor in 0.59 ms, found 0 plugins.
Preloading 0 native plugins for Editor in 0.00 ms.
Unloading 1643 Unused Serialized files (Serialized files now loaded: 0)
System memory in use before: 81.8 MB.
System memory in use after: 81.9 MB.

Unloading 34 unused Assets to reduce memory usage. Loaded Objects now: 2120.
Total: 2.750500 ms (FindLiveObjects: 0.320600 ms CreateObjectMapping: 0.051400 ms MarkObjects: 2.300200 ms  DeleteObjects: 0.076800 ms)

========================================================================
Received Prepare
Default GameObject Tag: Player already registered

Registering precompiled user dll's ...
Registered in 0.013273 seconds.
Begin MonoManager ReloadAssembly
Symbol file LoadedFromMemory is not a mono symbol file
Native extension for WindowsStandalone target not found
Native extension for WebGL target not found
Refreshing native plugins compatible for Editor in 0.55 ms, found 0 plugins.
Preloading 0 native plugins for Editor in 0.00 ms.
Invoked RoslynAnalysisRunner static constructor.
RoslynAnalysisRunner will not be running.
RoslynAnalysisRunner has terminated.
Mono: successfully reloaded assembly
- Completed reload, in  1.058 seconds
Platform modules already initialized, skipping
Refreshing native plugins compatible for Editor in 0.60 ms, found 0 plugins.
Preloading 0 native plugins for Editor in 0.00 ms.
Unloading 1643 Unused Serialized files (Serialized files now loaded: 0)
System memory in use before: 81.8 MB.
System memory in use after: 81.9 MB.

Unloading 34 unused Assets to reduce memory usage. Loaded Objects now: 2122.
Total: 2.106600 ms (FindLiveObjects: 0.212800 ms CreateObjectMapping: 0.039500 ms MarkObjects: 1.787000 ms  DeleteObjects: 0.066200 ms)

========================================================================
Received Prepare
Default GameObject Tag: Player already registered

Refreshing native plugins compatible for Editor in 20.63 ms, found 0 plugins.
Preloading 0 native plugins for Editor in 0.00 ms.
Unloading 32 Unused Serialized files (Serialized files now loaded: 0)
System memory in use before: 50.1 MB.
System memory in use after: 50.2 MB.

Unloading 32 unused Assets to reduce memory usage. Loaded Objects now: 2122.
Total: 2.018100 ms (FindLiveObjects: 0.212000 ms CreateObjectMapping: 0.038700 ms MarkObjects: 1.697800 ms  DeleteObjects: 0.068300 ms)

========================================================================
Received Prepare
Default GameObject Tag: Player already registered

Registering precompiled user dll's ...
Registered in 0.014219 seconds.
Begin MonoManager ReloadAssembly
Symbol file LoadedFromMemory is not a mono symbol file
Native extension for WindowsStandalone target not found
Native extension for WebGL target not found
Refreshing native plugins compatible for Editor in 0.76 ms, found 0 plugins.
Preloading 0 native plugins for Editor in 0.00 ms.
Invoked RoslynAnalysisRunner static constructor.
RoslynAnalysisRunner will not be running.
RoslynAnalysisRunner has terminated.
Mono: successfully reloaded assembly
- Completed reload, in  1.313 seconds
Platform modules already initialized, skipping
Refreshing native plugins compatible for Editor in 0.92 ms, found 0 plugins.
Preloading 0 native plugins for Editor in 0.00 ms.
Unloading 1643 Unused Serialized files (Serialized files now loaded: 0)
System memory in use before: 81.8 MB.
System memory in use after: 81.9 MB.

Unloading 34 unused Assets to reduce memory usage. Loaded Objects now: 2124.
Total: 3.749900 ms (FindLiveObjects: 0.480700 ms CreateObjectMapping: 0.277900 ms MarkObjects: 2.887700 ms  DeleteObjects: 0.100900 ms)

========================================================================
Received Prepare
Default GameObject Tag: Player already registered

Registering precompiled user dll's ...
Registered in 0.014006 seconds.
Begin MonoManager ReloadAssembly
Symbol file LoadedFromMemory is not a mono symbol file
Native extension for WindowsStandalone target not found
Native extension for WebGL target not found
Refreshing native plugins compatible for Editor in 0.55 ms, found 0 plugins.
Preloading 0 native plugins for Editor in 0.00 ms.
Invoked RoslynAnalysisRunner static constructor.
RoslynAnalysisRunner will not be running.
RoslynAnalysisRunner has terminated.
Mono: successfully reloaded assembly
- Completed reload, in  1.089 seconds
Platform modules already initialized, skipping
Refreshing native plugins compatible for Editor in 0.58 ms, found 0 plugins.
Preloading 0 native plugins for Editor in 0.00 ms.
Unloading 1643 Unused Serialized files (Serialized files now loaded: 0)
System memory in use before: 81.9 MB.
System memory in use after: 81.9 MB.

Unloading 34 unused Assets to reduce memory usage. Loaded Objects now: 2126.
Total: 2.081000 ms (FindLiveObjects: 0.219000 ms CreateObjectMapping: 0.042600 ms MarkObjects: 1.755100 ms  DeleteObjects: 0.063300 ms)

========================================================================
Received Prepare
Default GameObject Tag: Player already registered

Refreshing native plugins compatible for Editor in 20.13 ms, found 0 plugins.
Preloading 0 native plugins for Editor in 0.00 ms.
Unloading 32 Unused Serialized files (Serialized files now loaded: 0)
System memory in use before: 50.2 MB.
System memory in use after: 50.2 MB.

Unloading 32 unused Assets to reduce memory usage. Loaded Objects now: 2126.
Total: 1.954000 ms (FindLiveObjects: 0.197700 ms CreateObjectMapping: 0.039000 ms MarkObjects: 1.653200 ms  DeleteObjects: 0.062900 ms)

========================================================================
Received Prepare
Default GameObject Tag: Player already registered

Registering precompiled user dll's ...
Registered in 0.013990 seconds.
Begin MonoManager ReloadAssembly
Symbol file LoadedFromMemory is not a mono symbol file
Native extension for WindowsStandalone target not found
Native extension for WebGL target not found
Refreshing native plugins compatible for Editor in 0.59 ms, found 0 plugins.
Preloading 0 native plugins for Editor in 0.00 ms.
Invoked RoslynAnalysisRunner static constructor.
RoslynAnalysisRunner will not be running.
RoslynAnalysisRunner has terminated.
Mono: successfully reloaded assembly
- Completed reload, in  1.145 seconds
Platform modules already initialized, skipping
Refreshing native plugins compatible for Editor in 0.59 ms, found 0 plugins.
Preloading 0 native plugins for Editor in 0.00 ms.
Unloading 1643 Unused Serialized files (Serialized files now loaded: 0)
System memory in use before: 81.9 MB.
System memory in use after: 81.9 MB.

Unloading 34 unused Assets to reduce memory usage. Loaded Objects now: 2128.
Total: 2.505800 ms (FindLiveObjects: 0.225800 ms CreateObjectMapping: 0.042900 ms MarkObjects: 2.170000 ms  DeleteObjects: 0.065500 ms)

========================================================================
Received Import Request.
  Time since last request: 1839.955054 seconds.
  path: Assets/Resources/PhotonPrefab/PlayerManager.prefab
  artifactKey: Guid(74f4477d0c13c374a930e5ea08a1cd85) Importer(815301076,1909f56bfc062723c751e8b465ee728b)
Start importing Assets/Resources/PhotonPrefab/PlayerManager.prefab using Guid(74f4477d0c13c374a930e5ea08a1cd85) Importer(815301076,1909f56bfc062723c751e8b465ee728b)  -> (artifact id: '47b73c2b9524dd73f7e3dcf4afbd160f') in 0.036950 seconds
  Import took 0.040248 seconds .

========================================================================
Received Import Request.
  Time since last request: 1.078592 seconds.
  path: Assets/Resources/PhotonPrefab/PlayerPrefab.prefab
  artifactKey: Guid(44bfdd01e0a203a4ea2f20d8297677f9) Importer(815301076,1909f56bfc062723c751e8b465ee728b)
Start importing Assets/Resources/PhotonPrefab/PlayerPrefab.prefab using Guid(44bfdd01e0a203a4ea2f20d8297677f9) Importer(815301076,1909f56bfc062723c751e8b465ee728b)  -> (artifact id: 'a5735f390e2b3f3293a4459fb96f64eb') in 0.052258 seconds
  Import took 0.055328 seconds .

========================================================================
Received Import Request.
  Time since last request: 0.003019 seconds.
  path: Assets/Resources/PhotonPrefab/PlayerPrefab.prefab
  artifactKey: Guid(44bfdd01e0a203a4ea2f20d8297677f9) Importer(815301076,1909f56bfc062723c751e8b465ee728b)
Start importing Assets/Resources/PhotonPrefab/PlayerPrefab.prefab using Guid(44bfdd01e0a203a4ea2f20d8297677f9) Importer(815301076,1909f56bfc062723c751e8b465ee728b)  -> (artifact id: 'a5735f390e2b3f3293a4459fb96f64eb') in 0.017237 seconds
  Import took 0.020362 seconds .

========================================================================
Received Import Request.
  Time since last request: 5.899857 seconds.
  path: Assets/Resources/PhotonPrefab/MonsterPrefab.prefab
  artifactKey: Guid(ec4dc863f4ba5d847a3eb298d29b63c5) Importer(815301076,1909f56bfc062723c751e8b465ee728b)
Start importing Assets/Resources/PhotonPrefab/MonsterPrefab.prefab using Guid(ec4dc863f4ba5d847a3eb298d29b63c5) Importer(815301076,1909f56bfc062723c751e8b465ee728b)  -> (artifact id: '6673917d822d0bccffbb75a25ca10a76') in 0.013804 seconds
  Import took 0.017112 seconds .

========================================================================
Received Import Request.
  Time since last request: 32.444871 seconds.
  path: Assets/Scripts/PlayerControler/PickUpSpiritChunk.cs
  artifactKey: Guid(dac21b7185ab18742a904a57bdaddbf9) Importer(815301076,1909f56bfc062723c751e8b465ee728b)
Start importing Assets/Scripts/PlayerControler/PickUpSpiritChunk.cs using Guid(dac21b7185ab18742a904a57bdaddbf9) Importer(815301076,1909f56bfc062723c751e8b465ee728b)  -> (artifact id: '652527909580dcdadb9f5bbec4fd020f') in 0.012487 seconds
  Import took 0.015184 seconds .

========================================================================
Received Import Request.
  Time since last request: 3.278717 seconds.
  path: Assets/Scripts/PlayerControler/Score.cs
  artifactKey: Guid(dac21b7185ab18742a904a57bdaddbf9) Importer(815301076,1909f56bfc062723c751e8b465ee728b)
Start importing Assets/Scripts/PlayerControler/Score.cs using Guid(dac21b7185ab18742a904a57bdaddbf9) Importer(815301076,1909f56bfc062723c751e8b465ee728b)  -> (artifact id: '3d694f9ad764a29a68e5cfc4d1c016d2') in 0.007927 seconds
  Import took 0.011829 seconds .

========================================================================
Received Prepare
Default GameObject Tag: Player already registered

Registering precompiled user dll's ...
Registered in 0.012837 seconds.
Begin MonoManager ReloadAssembly
Symbol file LoadedFromMemory is not a mono symbol file
Native extension for WindowsStandalone target not found
Native extension for WebGL target not found
Refreshing native plugins compatible for Editor in 0.56 ms, found 0 plugins.
Preloading 0 native plugins for Editor in 0.00 ms.
Invoked RoslynAnalysisRunner static constructor.
RoslynAnalysisRunner will not be running.
RoslynAnalysisRunner has terminated.
Mono: successfully reloaded assembly
- Completed reload, in  1.048 seconds
Platform modules already initialized, skipping
Refreshing native plugins compatible for Editor in 0.54 ms, found 0 plugins.
Preloading 0 native plugins for Editor in 0.00 ms.
Unloading 1643 Unused Serialized files (Serialized files now loaded: 0)
System memory in use before: 81.9 MB.
System memory in use after: 82.0 MB.

Unloading 35 unused Assets to reduce memory usage. Loaded Objects now: 2131.
Total: 1.932200 ms (FindLiveObjects: 0.214100 ms CreateObjectMapping: 0.039300 ms MarkObjects: 1.613000 ms  DeleteObjects: 0.064800 ms)

========================================================================
Received Import Request.
  Time since last request: 100.450723 seconds.
  path: Assets/Scripts/PlayerControler/Score.cs
  artifactKey: Guid(dac21b7185ab18742a904a57bdaddbf9) Importer(815301076,1909f56bfc062723c751e8b465ee728b)
Start importing Assets/Scripts/PlayerControler/Score.cs using Guid(dac21b7185ab18742a904a57bdaddbf9) Importer(815301076,1909f56bfc062723c751e8b465ee728b)  -> (artifact id: 'f86b4ee3eb99d83e9450c54a9013d160') in 0.008006 seconds
  Import took 0.010908 seconds .

========================================================================
Received Import Request.
  Time since last request: 1.250089 seconds.
  path: Assets/Scenes/Mission1.unity
  artifactKey: Guid(4dcb1fa83a8495d48bf790dba2d3dc99) Importer(815301076,1909f56bfc062723c751e8b465ee728b)
Start importing Assets/Scenes/Mission1.unity using Guid(4dcb1fa83a8495d48bf790dba2d3dc99) Importer(815301076,1909f56bfc062723c751e8b465ee728b)  -> (artifact id: 'a802d53196f41c69e0b2d6f131e3d591') in 0.014840 seconds
  Import took 0.017604 seconds .

========================================================================
Received Prepare
Default GameObject Tag: Player already registered

Registering precompiled user dll's ...
Registered in 0.014196 seconds.
Begin MonoManager ReloadAssembly
Symbol file LoadedFromMemory is not a mono symbol file
Native extension for WindowsStandalone target not found
Native extension for WebGL target not found
Refreshing native plugins compatible for Editor in 0.67 ms, found 0 plugins.
Preloading 0 native plugins for Editor in 0.00 ms.
Invoked RoslynAnalysisRunner static constructor.
RoslynAnalysisRunner will not be running.
RoslynAnalysisRunner has terminated.
Mono: successfully reloaded assembly
- Completed reload, in  1.084 seconds
Platform modules already initialized, skipping
Refreshing native plugins compatible for Editor in 0.58 ms, found 0 plugins.
Preloading 0 native plugins for Editor in 0.00 ms.
Unloading 1643 Unused Serialized files (Serialized files now loaded: 0)
System memory in use before: 81.9 MB.
System memory in use after: 82.0 MB.

Unloading 34 unused Assets to reduce memory usage. Loaded Objects now: 2133.
Total: 2.509200 ms (FindLiveObjects: 0.233200 ms CreateObjectMapping: 0.040000 ms MarkObjects: 2.151700 ms  DeleteObjects: 0.083000 ms)

========================================================================
Received Prepare
Default GameObject Tag: Player already registered

Registering precompiled user dll's ...
Registered in 0.012508 seconds.
Begin MonoManager ReloadAssembly
Symbol file LoadedFromMemory is not a mono symbol file
Native extension for WindowsStandalone target not found
Native extension for WebGL target not found
Refreshing native plugins compatible for Editor in 0.56 ms, found 0 plugins.
Preloading 0 native plugins for Editor in 0.00 ms.
Invoked RoslynAnalysisRunner static constructor.
RoslynAnalysisRunner will not be running.
RoslynAnalysisRunner has terminated.
Mono: successfully reloaded assembly
- Completed reload, in  1.036 seconds
Platform modules already initialized, skipping
Refreshing native plugins compatible for Editor in 0.58 ms, found 0 plugins.
Preloading 0 native plugins for Editor in 0.00 ms.
Unloading 1643 Unused Serialized files (Serialized files now loaded: 0)
System memory in use before: 81.9 MB.
System memory in use after: 82.0 MB.

Unloading 34 unused Assets to reduce memory usage. Loaded Objects now: 2135.
Total: 1.897300 ms (FindLiveObjects: 0.198000 ms CreateObjectMapping: 0.038400 ms MarkObjects: 1.599400 ms  DeleteObjects: 0.060400 ms)

========================================================================
Received Prepare
Default GameObject Tag: Player already registered

Refreshing native plugins compatible for Editor in 17.51 ms, found 0 plugins.
Preloading 0 native plugins for Editor in 0.00 ms.
Unloading 32 Unused Serialized files (Serialized files now loaded: 0)
System memory in use before: 50.2 MB.
System memory in use after: 50.3 MB.

Unloading 32 unused Assets to reduce memory usage. Loaded Objects now: 2135.
Total: 1.936600 ms (FindLiveObjects: 0.203900 ms CreateObjectMapping: 0.039500 ms MarkObjects: 1.631600 ms  DeleteObjects: 0.060400 ms)

========================================================================
Received Import Request.
  Time since last request: 164.296311 seconds.
  path: Assets/Scenes/HostScene.unity
  artifactKey: Guid(ac602ed984acb524ab8199b3ac15e032) Importer(815301076,1909f56bfc062723c751e8b465ee728b)
Start importing Assets/Scenes/HostScene.unity using Guid(ac602ed984acb524ab8199b3ac15e032) Importer(815301076,1909f56bfc062723c751e8b465ee728b)  -> (artifact id: '44a8559a87f5ae062dd67b2a29ae9cba') in 0.013643 seconds
  Import took 0.016436 seconds .

========================================================================
Received Import Request.
  Time since last request: 0.021133 seconds.
  path: Assets/Scenes/HostScene.unity
  artifactKey: Guid(ac602ed984acb524ab8199b3ac15e032) Importer(815301076,1909f56bfc062723c751e8b465ee728b)
Start importing Assets/Scenes/HostScene.unity using Guid(ac602ed984acb524ab8199b3ac15e032) Importer(815301076,1909f56bfc062723c751e8b465ee728b)  -> (artifact id: '44a8559a87f5ae062dd67b2a29ae9cba') in 0.006029 seconds
  Import took 0.009196 seconds .

========================================================================
Received Prepare
Default GameObject Tag: Player already registered

Registering precompiled user dll's ...
Registered in 0.017209 seconds.
Begin MonoManager ReloadAssembly
Symbol file LoadedFromMemory is not a mono symbol file
Native extension for WindowsStandalone target not found
Native extension for WebGL target not found
Refreshing native plugins compatible for Editor in 0.57 ms, found 0 plugins.
Preloading 0 native plugins for Editor in 0.00 ms.
Invoked RoslynAnalysisRunner static constructor.
RoslynAnalysisRunner will not be running.
RoslynAnalysisRunner has terminated.
Mono: successfully reloaded assembly
- Completed reload, in  1.129 seconds
Platform modules already initialized, skipping
Refreshing native plugins compatible for Editor in 0.57 ms, found 0 plugins.
Preloading 0 native plugins for Editor in 0.00 ms.
Unloading 1643 Unused Serialized files (Serialized files now loaded: 0)
System memory in use before: 81.9 MB.
System memory in use after: 82.0 MB.

Unloading 34 unused Assets to reduce memory usage. Loaded Objects now: 2137.
Total: 2.241000 ms (FindLiveObjects: 0.297700 ms CreateObjectMapping: 0.069100 ms MarkObjects: 1.808600 ms  DeleteObjects: 0.064200 ms)

========================================================================
Received Import Request.
  Time since last request: 173.357139 seconds.
  path: Assets/Resources/PhotonPrefab/PlayerPrefab.prefab
  artifactKey: Guid(44bfdd01e0a203a4ea2f20d8297677f9) Importer(815301076,1909f56bfc062723c751e8b465ee728b)
Start importing Assets/Resources/PhotonPrefab/PlayerPrefab.prefab using Guid(44bfdd01e0a203a4ea2f20d8297677f9) Importer(815301076,1909f56bfc062723c751e8b465ee728b)  -> (artifact id: '842bd3f8d58a8b9b588848224d6fb346') in 0.074925 seconds
  Import took 0.079049 seconds .

========================================================================
Received Import Request.
  Time since last request: 3.468795 seconds.
  path: Assets/Resources/PhotonPrefab/PlayerPrefab.prefab
  artifactKey: Guid(44bfdd01e0a203a4ea2f20d8297677f9) Importer(815301076,1909f56bfc062723c751e8b465ee728b)
Start importing Assets/Resources/PhotonPrefab/PlayerPrefab.prefab using Guid(44bfdd01e0a203a4ea2f20d8297677f9) Importer(815301076,1909f56bfc062723c751e8b465ee728b)  -> (artifact id: 'e436f1ca21df312e96161f537d658ec7') in 0.018596 seconds
  Import took 0.021890 seconds .

========================================================================
Received Import Request.
  Time since last request: 19.341181 seconds.
  path: Assets/Resources/PhotonPrefab/PlayerPrefab.prefab
  artifactKey: Guid(44bfdd01e0a203a4ea2f20d8297677f9) Importer(815301076,1909f56bfc062723c751e8b465ee728b)
Start importing Assets/Resources/PhotonPrefab/PlayerPrefab.prefab using Guid(44bfdd01e0a203a4ea2f20d8297677f9) Importer(815301076,1909f56bfc062723c751e8b465ee728b)  -> (artifact id: 'b3d47e1586082254647ee3f96c42d915') in 0.015466 seconds
  Import took 0.018656 seconds .

========================================================================
Received Import Request.
  Time since last request: 0.748967 seconds.
  path: Assets/Resources/PhotonPrefab/MonsterPrefab.prefab
  artifactKey: Guid(ec4dc863f4ba5d847a3eb298d29b63c5) Importer(815301076,1909f56bfc062723c751e8b465ee728b)
Start importing Assets/Resources/PhotonPrefab/MonsterPrefab.prefab using Guid(ec4dc863f4ba5d847a3eb298d29b63c5) Importer(815301076,1909f56bfc062723c751e8b465ee728b)  -> (artifact id: '1e4f6ae813b0659c233e544e12a1e73f') in 0.013715 seconds
  Import took 0.016732 seconds .

========================================================================
Received Import Request.
  Time since last request: 6.991934 seconds.
  path: Assets/Resources/PhotonPrefab/MonsterPrefab.prefab
  artifactKey: Guid(ec4dc863f4ba5d847a3eb298d29b63c5) Importer(815301076,1909f56bfc062723c751e8b465ee728b)
Start importing Assets/Resources/PhotonPrefab/MonsterPrefab.prefab using Guid(ec4dc863f4ba5d847a3eb298d29b63c5) Importer(815301076,1909f56bfc062723c751e8b465ee728b)  -> (artifact id: '091c6aa0512165076f03506afd123eb8') in 0.023546 seconds
  Import took 0.045230 seconds .

========================================================================
Received Import Request.
  Time since last request: 5.054742 seconds.
  path: Assets/Resources/PhotonPrefab/MonsterPrefab.prefab
  artifactKey: Guid(ec4dc863f4ba5d847a3eb298d29b63c5) Importer(815301076,1909f56bfc062723c751e8b465ee728b)
Start importing Assets/Resources/PhotonPrefab/MonsterPrefab.prefab using Guid(ec4dc863f4ba5d847a3eb298d29b63c5) Importer(815301076,1909f56bfc062723c751e8b465ee728b)  -> (artifact id: '5dcf564b7b662a3ed93a85c8a1349848') in 0.010522 seconds
  Import took 0.013858 seconds .

========================================================================
Received Import Request.
  Time since last request: 5.552015 seconds.
  path: Assets/Resources/PhotonPrefab/MonsterPrefab.prefab
  artifactKey: Guid(ec4dc863f4ba5d847a3eb298d29b63c5) Importer(815301076,1909f56bfc062723c751e8b465ee728b)
Start importing Assets/Resources/PhotonPrefab/MonsterPrefab.prefab using Guid(ec4dc863f4ba5d847a3eb298d29b63c5) Importer(815301076,1909f56bfc062723c751e8b465ee728b)  -> (artifact id: '303fa0379eed2ed3fe77ad37b473aa28') in 0.009337 seconds
  Import took 0.013189 seconds .

========================================================================
Received Prepare
Default GameObject Tag: Player already registered

Refreshing native plugins compatible for Editor in 21.07 ms, found 0 plugins.
Preloading 0 native plugins for Editor in 0.00 ms.
Unloading 32 Unused Serialized files (Serialized files now loaded: 0)
System memory in use before: 50.5 MB.
System memory in use after: 50.6 MB.

Unloading 33 unused Assets to reduce memory usage. Loaded Objects now: 2138.
Total: 2.432800 ms (FindLiveObjects: 0.196700 ms CreateObjectMapping: 0.039000 ms MarkObjects: 2.130400 ms  DeleteObjects: 0.065400 ms)

========================================================================
Received Prepare
Default GameObject Tag: Player already registered

Registering precompiled user dll's ...
Registered in 0.012543 seconds.
Begin MonoManager ReloadAssembly
Symbol file LoadedFromMemory is not a mono symbol file
Native extension for WindowsStandalone target not found
Native extension for WebGL target not found
Refreshing native plugins compatible for Editor in 0.77 ms, found 0 plugins.
Preloading 0 native plugins for Editor in 0.00 ms.
Invoked RoslynAnalysisRunner static constructor.
RoslynAnalysisRunner will not be running.
RoslynAnalysisRunner has terminated.
Mono: successfully reloaded assembly
- Completed reload, in  1.134 seconds
Platform modules already initialized, skipping
Refreshing native plugins compatible for Editor in 0.59 ms, found 0 plugins.
Preloading 0 native plugins for Editor in 0.00 ms.
Unloading 1643 Unused Serialized files (Serialized files now loaded: 0)
System memory in use before: 81.9 MB.
System memory in use after: 82.0 MB.

Unloading 34 unused Assets to reduce memory usage. Loaded Objects now: 2140.
Total: 2.330100 ms (FindLiveObjects: 0.244700 ms CreateObjectMapping: 0.040900 ms MarkObjects: 1.971400 ms  DeleteObjects: 0.071600 ms)

========================================================================
Received Import Request.
  Time since last request: 610.592211 seconds.
  path: Assets/Scripts/PlayerControler/NewBehaviourScript.cs
  artifactKey: Guid(2c7e4d7b358cc5c4faf3a38dff56b3a1) Importer(815301076,1909f56bfc062723c751e8b465ee728b)
Start importing Assets/Scripts/PlayerControler/NewBehaviourScript.cs using Guid(2c7e4d7b358cc5c4faf3a38dff56b3a1) Importer(815301076,1909f56bfc062723c751e8b465ee728b)  -> (artifact id: '30656e0e747c51723e2904878eff71a6') in 0.009734 seconds
  Import took 0.013161 seconds .

========================================================================
Received Prepare
Default GameObject Tag: Player already registered

Registering precompiled user dll's ...
Registered in 0.013814 seconds.
Begin MonoManager ReloadAssembly
Symbol file LoadedFromMemory is not a mono symbol file
Native extension for WindowsStandalone target not found
Native extension for WebGL target not found
Refreshing native plugins compatible for Editor in 0.54 ms, found 0 plugins.
Preloading 0 native plugins for Editor in 0.00 ms.
Invoked RoslynAnalysisRunner static constructor.
RoslynAnalysisRunner will not be running.
RoslynAnalysisRunner has terminated.
Mono: successfully reloaded assembly
- Completed reload, in  1.050 seconds
Platform modules already initialized, skipping
Refreshing native plugins compatible for Editor in 0.54 ms, found 0 plugins.
Preloading 0 native plugins for Editor in 0.00 ms.
Unloading 1644 Unused Serialized files (Serialized files now loaded: 0)
System memory in use before: 82.0 MB.
System memory in use after: 82.0 MB.

Unloading 34 unused Assets to reduce memory usage. Loaded Objects now: 2143.
Total: 1.961500 ms (FindLiveObjects: 0.206800 ms CreateObjectMapping: 0.039200 ms MarkObjects: 1.653600 ms  DeleteObjects: 0.060800 ms)

========================================================================
Received Prepare
Default GameObject Tag: Player already registered

Refreshing native plugins compatible for Editor in 19.34 ms, found 0 plugins.
Preloading 0 native plugins for Editor in 0.00 ms.
Unloading 32 Unused Serialized files (Serialized files now loaded: 0)
System memory in use before: 50.2 MB.
System memory in use after: 50.3 MB.

Unloading 32 unused Assets to reduce memory usage. Loaded Objects now: 2143.
Total: 1.912800 ms (FindLiveObjects: 0.206000 ms CreateObjectMapping: 0.038800 ms MarkObjects: 1.603200 ms  DeleteObjects: 0.063900 ms)

========================================================================
Received Prepare
Default GameObject Tag: Player already registered

Registering precompiled user dll's ...
Registered in 0.013304 seconds.
Begin MonoManager ReloadAssembly
Symbol file LoadedFromMemory is not a mono symbol file
Native extension for WindowsStandalone target not found
Native extension for WebGL target not found
Refreshing native plugins compatible for Editor in 0.59 ms, found 0 plugins.
Preloading 0 native plugins for Editor in 0.00 ms.
Invoked RoslynAnalysisRunner static constructor.
RoslynAnalysisRunner will not be running.
RoslynAnalysisRunner has terminated.
Mono: successfully reloaded assembly
- Completed reload, in  1.225 seconds
Platform modules already initialized, skipping
Refreshing native plugins compatible for Editor in 0.70 ms, found 0 plugins.
Preloading 0 native plugins for Editor in 0.00 ms.
Unloading 1644 Unused Serialized files (Serialized files now loaded: 0)
System memory in use before: 82.0 MB.
System memory in use after: 82.0 MB.

Unloading 34 unused Assets to reduce memory usage. Loaded Objects now: 2145.
Total: 2.569800 ms (FindLiveObjects: 0.286200 ms CreateObjectMapping: 0.052100 ms MarkObjects: 2.151900 ms  DeleteObjects: 0.078100 ms)

========================================================================
Received Prepare
Default GameObject Tag: Player already registered

Registering precompiled user dll's ...
Registered in 0.013181 seconds.
Begin MonoManager ReloadAssembly
Symbol file LoadedFromMemory is not a mono symbol file
Native extension for WindowsStandalone target not found
Native extension for WebGL target not found
Refreshing native plugins compatible for Editor in 0.54 ms, found 0 plugins.
Preloading 0 native plugins for Editor in 0.00 ms.
Invoked RoslynAnalysisRunner static constructor.
RoslynAnalysisRunner will not be running.
RoslynAnalysisRunner has terminated.
Mono: successfully reloaded assembly
- Completed reload, in  1.041 seconds
Platform modules already initialized, skipping
Refreshing native plugins compatible for Editor in 0.56 ms, found 0 plugins.
Preloading 0 native plugins for Editor in 0.00 ms.
Unloading 1644 Unused Serialized files (Serialized files now loaded: 0)
System memory in use before: 82.0 MB.
System memory in use after: 82.1 MB.

Unloading 34 unused Assets to reduce memory usage. Loaded Objects now: 2147.
Total: 2.241900 ms (FindLiveObjects: 0.257900 ms CreateObjectMapping: 0.050100 ms MarkObjects: 1.860200 ms  DeleteObjects: 0.072400 ms)

========================================================================
Received Prepare
Default GameObject Tag: Player already registered

Refreshing native plugins compatible for Editor in 18.90 ms, found 0 plugins.
Preloading 0 native plugins for Editor in 0.00 ms.
Unloading 32 Unused Serialized files (Serialized files now loaded: 0)
System memory in use before: 50.2 MB.
System memory in use after: 50.3 MB.

Unloading 32 unused Assets to reduce memory usage. Loaded Objects now: 2147.
Total: 2.393700 ms (FindLiveObjects: 0.391800 ms CreateObjectMapping: 0.093900 ms MarkObjects: 1.835800 ms  DeleteObjects: 0.071000 ms)

========================================================================
Received Prepare
Default GameObject Tag: Player already registered

Registering precompiled user dll's ...
Registered in 0.013481 seconds.
Begin MonoManager ReloadAssembly
Symbol file LoadedFromMemory is not a mono symbol file
Native extension for WindowsStandalone target not found
Native extension for WebGL target not found
Refreshing native plugins compatible for Editor in 0.67 ms, found 0 plugins.
Preloading 0 native plugins for Editor in 0.00 ms.
Invoked RoslynAnalysisRunner static constructor.
RoslynAnalysisRunner will not be running.
RoslynAnalysisRunner has terminated.
Mono: successfully reloaded assembly
- Completed reload, in  1.218 seconds
Platform modules already initialized, skipping
Refreshing native plugins compatible for Editor in 0.83 ms, found 0 plugins.
Preloading 0 native plugins for Editor in 0.00 ms.
Unloading 1644 Unused Serialized files (Serialized files now loaded: 0)
System memory in use before: 82.0 MB.
System memory in use after: 82.1 MB.

Unloading 34 unused Assets to reduce memory usage. Loaded Objects now: 2149.
Total: 2.729200 ms (FindLiveObjects: 0.329600 ms CreateObjectMapping: 0.059000 ms MarkObjects: 2.258900 ms  DeleteObjects: 0.079800 ms)

========================================================================
Received Prepare
Default GameObject Tag: Player already registered

Registering precompiled user dll's ...
Registered in 0.012531 seconds.
Begin MonoManager ReloadAssembly
Symbol file LoadedFromMemory is not a mono symbol file
Native extension for WindowsStandalone target not found
Native extension for WebGL target not found
Refreshing native plugins compatible for Editor in 0.55 ms, found 0 plugins.
Preloading 0 native plugins for Editor in 0.00 ms.
Invoked RoslynAnalysisRunner static constructor.
RoslynAnalysisRunner will not be running.
RoslynAnalysisRunner has terminated.
Mono: successfully reloaded assembly
- Completed reload, in  1.066 seconds
Platform modules already initialized, skipping
Refreshing native plugins compatible for Editor in 0.60 ms, found 0 plugins.
Preloading 0 native plugins for Editor in 0.00 ms.
Unloading 1644 Unused Serialized files (Serialized files now loaded: 0)
System memory in use before: 82.0 MB.
System memory in use after: 82.1 MB.

Unloading 34 unused Assets to reduce memory usage. Loaded Objects now: 2151.
Total: 2.008600 ms (FindLiveObjects: 0.246600 ms CreateObjectMapping: 0.040800 ms MarkObjects: 1.652500 ms  DeleteObjects: 0.067400 ms)

========================================================================
Received Prepare
Default GameObject Tag: Player already registered

Registering precompiled user dll's ...
Registered in 0.012993 seconds.
Begin MonoManager ReloadAssembly
Symbol file LoadedFromMemory is not a mono symbol file
Native extension for WindowsStandalone target not found
Native extension for WebGL target not found
Refreshing native plugins compatible for Editor in 0.69 ms, found 0 plugins.
Preloading 0 native plugins for Editor in 0.00 ms.
Invoked RoslynAnalysisRunner static constructor.
RoslynAnalysisRunner will not be running.
RoslynAnalysisRunner has terminated.
Mono: successfully reloaded assembly
- Completed reload, in  1.103 seconds
Platform modules already initialized, skipping
Refreshing native plugins compatible for Editor in 0.62 ms, found 0 plugins.
Preloading 0 native plugins for Editor in 0.00 ms.
Unloading 1644 Unused Serialized files (Serialized files now loaded: 0)
System memory in use before: 82.0 MB.
System memory in use after: 82.1 MB.

Unloading 34 unused Assets to reduce memory usage. Loaded Objects now: 2153.
Total: 2.244500 ms (FindLiveObjects: 0.266600 ms CreateObjectMapping: 0.052800 ms MarkObjects: 1.855900 ms  DeleteObjects: 0.067700 ms)

========================================================================
Received Prepare
Default GameObject Tag: Player already registered

Refreshing native plugins compatible for Editor in 20.79 ms, found 0 plugins.
Preloading 0 native plugins for Editor in 0.00 ms.
Unloading 32 Unused Serialized files (Serialized files now loaded: 0)
System memory in use before: 50.3 MB.
System memory in use after: 50.4 MB.

Unloading 32 unused Assets to reduce memory usage. Loaded Objects now: 2153.
Total: 2.330500 ms (FindLiveObjects: 0.230400 ms CreateObjectMapping: 0.040600 ms MarkObjects: 1.968200 ms  DeleteObjects: 0.089900 ms)

========================================================================
Received Prepare
Default GameObject Tag: Player already registered

Registering precompiled user dll's ...
Registered in 0.015682 seconds.
Begin MonoManager ReloadAssembly
Symbol file LoadedFromMemory is not a mono symbol file
Native extension for WindowsStandalone target not found
Native extension for WebGL target not found
Refreshing native plugins compatible for Editor in 0.62 ms, found 0 plugins.
Preloading 0 native plugins for Editor in 0.00 ms.
Invoked RoslynAnalysisRunner static constructor.
RoslynAnalysisRunner will not be running.
RoslynAnalysisRunner has terminated.
Mono: successfully reloaded assembly
- Completed reload, in  1.257 seconds
Platform modules already initialized, skipping
Refreshing native plugins compatible for Editor in 0.55 ms, found 0 plugins.
Preloading 0 native plugins for Editor in 0.00 ms.
Unloading 1644 Unused Serialized files (Serialized files now loaded: 0)
System memory in use before: 82.0 MB.
System memory in use after: 82.1 MB.

Unloading 34 unused Assets to reduce memory usage. Loaded Objects now: 2155.
Total: 2.640500 ms (FindLiveObjects: 0.230400 ms CreateObjectMapping: 0.041000 ms MarkObjects: 2.293200 ms  DeleteObjects: 0.074300 ms)

========================================================================
Received Prepare
Default GameObject Tag: Player already registered

Registering precompiled user dll's ...
Registered in 0.013227 seconds.
Begin MonoManager ReloadAssembly
Symbol file LoadedFromMemory is not a mono symbol file
Native extension for WindowsStandalone target not found
Native extension for WebGL target not found
Refreshing native plugins compatible for Editor in 0.73 ms, found 0 plugins.
Preloading 0 native plugins for Editor in 0.00 ms.
Invoked RoslynAnalysisRunner static constructor.
RoslynAnalysisRunner will not be running.
RoslynAnalysisRunner has terminated.
Mono: successfully reloaded assembly
- Completed reload, in  1.178 seconds
Platform modules already initialized, skipping
Refreshing native plugins compatible for Editor in 0.55 ms, found 0 plugins.
Preloading 0 native plugins for Editor in 0.00 ms.
Unloading 1644 Unused Serialized files (Serialized files now loaded: 0)
System memory in use before: 82.0 MB.
System memory in use after: 82.1 MB.

Unloading 34 unused Assets to reduce memory usage. Loaded Objects now: 2157.
Total: 2.360000 ms (FindLiveObjects: 0.333000 ms CreateObjectMapping: 0.064900 ms MarkObjects: 1.883900 ms  DeleteObjects: 0.076400 ms)

AssetImportWorkerClient::OnTransportError - code=2 error=End of file
