Using pre-set license
Built from '2020.2/release' branch; Version is '2020.2.1f1 (270dd8c3da1c) revision 2559448'; Using compiler version '192528614'; Build Type 'Release'
OS: 'Windows 10  (10.0.0) 64bit' Language: 'pl' Physical Memory: 16335 MB
BatchMode: 1, IsHumanControllingUs: 0, StartBugReporterOnCrash: 0, Is64bit: 1, IsPro: 0

 COMMAND LINE ARGUMENTS:
C:\Program Files\Unity\Hub\Editor\2020.2.1f1\Editor\Unity.exe
-adb2
-batchMode
-noUpm
-name
AssetImportWorker1
-projectPath
D:/GITHUB/KrakJamProject_2021/krak-jam-game
-logFile
Logs/AssetImportWorker1.log
-srvPort
50197
Successfully changed project path to: D:/GITHUB/KrakJamProject_2021/krak-jam-game
D:/GITHUB/KrakJamProject_2021/krak-jam-game
Using Asset Import Pipeline V2.
Default GameObject Tag: Player already registered

Refreshing native plugins compatible for Editor in 79.13 ms, found 0 plugins.
Preloading 0 native plugins for Editor in 0.00 ms.
Initialize engine version: 2020.2.1f1 (270dd8c3da1c)
[Subsystems] Discovering subsystems at path C:/Program Files/Unity/Hub/Editor/2020.2.1f1/Editor/Data/Resources/UnitySubsystems
[Subsystems] Discovering subsystems at path D:/GITHUB/KrakJamProject_2021/krak-jam-game/Assets
GfxDevice: creating device client; threaded=0
Direct3D:
    Version:  Direct3D 11.0 [level 11.1]
    Renderer: NVIDIA GeForce GTX 1060 6GB (ID=0x1c03)
    Vendor:   
    VRAM:     6052 MB
    Driver:   27.21.14.6089
Initialize mono
Mono path[0] = 'C:/Program Files/Unity/Hub/Editor/2020.2.1f1/Editor/Data/Managed'
Mono path[1] = 'C:/Program Files/Unity/Hub/Editor/2020.2.1f1/Editor/Data/MonoBleedingEdge/lib/mono/unityjit'
Mono config path = 'C:/Program Files/Unity/Hub/Editor/2020.2.1f1/Editor/Data/MonoBleedingEdge/etc'
Using monoOptions --debugger-agent=transport=dt_socket,embedding=1,server=y,suspend=n,address=127.0.0.1:56604
Begin MonoManager ReloadAssembly
Registering precompiled unity dll's ...
Register platform support module: C:/Program Files/Unity/Hub/Editor/2020.2.1f1/Editor/Data/PlaybackEngines/WebGLSupport/UnityEditor.WebGL.Extensions.dll
Register platform support module: C:/Program Files/Unity/Hub/Editor/2020.2.1f1/Editor/Data/PlaybackEngines/WindowsStandaloneSupport/UnityEditor.WindowsStandalone.Extensions.dll
Registered in 0.012275 seconds.
Native extension for WindowsStandalone target not found
Native extension for WebGL target not found
Refreshing native plugins compatible for Editor in 68.00 ms, found 0 plugins.
Preloading 0 native plugins for Editor in 0.00 ms.
Invoked RoslynAnalysisRunner static constructor.
RoslynAnalysisRunner will not be running.
RoslynAnalysisRunner has terminated.
Mono: successfully reloaded assembly
- Completed reload, in  2.359 seconds
Platform modules already initialized, skipping
Registering precompiled user dll's ...
Registered in 0.016223 seconds.
Begin MonoManager ReloadAssembly
Symbol file LoadedFromMemory is not a mono symbol file
Native extension for WindowsStandalone target not found
Native extension for WebGL target not found
Refreshing native plugins compatible for Editor in 0.74 ms, found 0 plugins.
Preloading 0 native plugins for Editor in 0.00 ms.
Invoked RoslynAnalysisRunner static constructor.
RoslynAnalysisRunner will not be running.
RoslynAnalysisRunner has terminated.
Mono: successfully reloaded assembly
- Completed reload, in  1.348 seconds
Platform modules already initialized, skipping
========================================================================
Worker process is ready to serve import requests
Default GameObject Tag: Player already registered

Launched and connected shader compiler UnityShaderCompiler.exe after 0.06 seconds
Refreshing native plugins compatible for Editor in 0.71 ms, found 0 plugins.
Preloading 0 native plugins for Editor in 0.00 ms.
Unloading 1659 Unused Serialized files (Serialized files now loaded: 0)
System memory in use before: 78.6 MB.
System memory in use after: 78.6 MB.

Unloading 43 unused Assets to reduce memory usage. Loaded Objects now: 2084.
Total: 2.359000 ms (FindLiveObjects: 0.259400 ms CreateObjectMapping: 0.053300 ms MarkObjects: 1.959300 ms  DeleteObjects: 0.085300 ms)

========================================================================
Received Import Request.
  path: Assets/Scripts/PlayerControler/Moves/PlayerControler.cs
  artifactKey: Guid(2001b049af2b92e429e25357e25e203a) Importer(815301076,1909f56bfc062723c751e8b465ee728b)
Start importing Assets/Scripts/PlayerControler/Moves/PlayerControler.cs using Guid(2001b049af2b92e429e25357e25e203a) Importer(815301076,1909f56bfc062723c751e8b465ee728b)  -> (artifact id: '198e2009022379bca1197138a09b608e') in 0.040471 seconds
  Import took 0.043623 seconds .

========================================================================
Received Prepare
Default GameObject Tag: Player already registered

Registering precompiled user dll's ...
Registered in 0.012972 seconds.
Begin MonoManager ReloadAssembly
Symbol file LoadedFromMemory is not a mono symbol file
Native extension for WindowsStandalone target not found
Native extension for WebGL target not found
Refreshing native plugins compatible for Editor in 0.58 ms, found 0 plugins.
Preloading 0 native plugins for Editor in 0.00 ms.
Invoked RoslynAnalysisRunner static constructor.
RoslynAnalysisRunner will not be running.
RoslynAnalysisRunner has terminated.
Mono: successfully reloaded assembly
- Completed reload, in  1.115 seconds
Platform modules already initialized, skipping
Refreshing native plugins compatible for Editor in 0.58 ms, found 0 plugins.
Preloading 0 native plugins for Editor in 0.00 ms.
Unloading 1640 Unused Serialized files (Serialized files now loaded: 0)
System memory in use before: 78.3 MB.
System memory in use after: 78.4 MB.

Unloading 34 unused Assets to reduce memory usage. Loaded Objects now: 2086.
Total: 3.722500 ms (FindLiveObjects: 0.218500 ms CreateObjectMapping: 0.040800 ms MarkObjects: 3.380400 ms  DeleteObjects: 0.080900 ms)

========================================================================
Received Prepare
Default GameObject Tag: Player already registered

Refreshing native plugins compatible for Editor in 20.88 ms, found 0 plugins.
Preloading 0 native plugins for Editor in 0.00 ms.
Unloading 32 Unused Serialized files (Serialized files now loaded: 0)
System memory in use before: 46.7 MB.
System memory in use after: 46.8 MB.

Unloading 32 unused Assets to reduce memory usage. Loaded Objects now: 2086.
Total: 2.145500 ms (FindLiveObjects: 0.191700 ms CreateObjectMapping: 0.038800 ms MarkObjects: 1.850300 ms  DeleteObjects: 0.063600 ms)

========================================================================
Received Prepare
Default GameObject Tag: Player already registered

Refreshing native plugins compatible for Editor in 17.28 ms, found 0 plugins.
Preloading 0 native plugins for Editor in 0.00 ms.
Unloading 32 Unused Serialized files (Serialized files now loaded: 0)
System memory in use before: 46.7 MB.
System memory in use after: 46.8 MB.

Unloading 32 unused Assets to reduce memory usage. Loaded Objects now: 2086.
Total: 2.079400 ms (FindLiveObjects: 0.211100 ms CreateObjectMapping: 0.039200 ms MarkObjects: 1.764500 ms  DeleteObjects: 0.063500 ms)

========================================================================
Received Prepare
Default GameObject Tag: Player already registered

Registering precompiled user dll's ...
Registered in 0.014176 seconds.
Begin MonoManager ReloadAssembly
Symbol file LoadedFromMemory is not a mono symbol file
Native extension for WindowsStandalone target not found
Native extension for WebGL target not found
Refreshing native plugins compatible for Editor in 0.89 ms, found 0 plugins.
Preloading 0 native plugins for Editor in 0.00 ms.
Invoked RoslynAnalysisRunner static constructor.
RoslynAnalysisRunner will not be running.
RoslynAnalysisRunner has terminated.
Mono: successfully reloaded assembly
- Completed reload, in  1.208 seconds
Platform modules already initialized, skipping
Refreshing native plugins compatible for Editor in 0.57 ms, found 0 plugins.
Preloading 0 native plugins for Editor in 0.00 ms.
Unloading 1640 Unused Serialized files (Serialized files now loaded: 0)
System memory in use before: 78.4 MB.
System memory in use after: 78.4 MB.

Unloading 34 unused Assets to reduce memory usage. Loaded Objects now: 2088.
Total: 2.708800 ms (FindLiveObjects: 0.226700 ms CreateObjectMapping: 0.043600 ms MarkObjects: 2.371700 ms  DeleteObjects: 0.065400 ms)

========================================================================
Received Import Request.
  Time since last request: 178.997859 seconds.
  path: Assets/Resources/PhotonPrefab/PlayerManager.prefab
  artifactKey: Guid(74f4477d0c13c374a930e5ea08a1cd85) Importer(815301076,1909f56bfc062723c751e8b465ee728b)
Start importing Assets/Resources/PhotonPrefab/PlayerManager.prefab using Guid(74f4477d0c13c374a930e5ea08a1cd85) Importer(815301076,1909f56bfc062723c751e8b465ee728b)  -> (artifact id: 'add00f3a470e8869ecb33731fa6c81f2') in 0.047301 seconds
  Import took 0.065265 seconds .

========================================================================
Received Prepare
Default GameObject Tag: Player already registered

Registering precompiled user dll's ...
Registered in 0.013593 seconds.
Begin MonoManager ReloadAssembly
Symbol file LoadedFromMemory is not a mono symbol file
Native extension for WindowsStandalone target not found
Native extension for WebGL target not found
Refreshing native plugins compatible for Editor in 0.85 ms, found 0 plugins.
Preloading 0 native plugins for Editor in 0.00 ms.
Invoked RoslynAnalysisRunner static constructor.
RoslynAnalysisRunner will not be running.
RoslynAnalysisRunner has terminated.
Mono: successfully reloaded assembly
- Completed reload, in  1.217 seconds
Platform modules already initialized, skipping
Refreshing native plugins compatible for Editor in 0.59 ms, found 0 plugins.
Preloading 0 native plugins for Editor in 0.00 ms.
Unloading 1640 Unused Serialized files (Serialized files now loaded: 0)
System memory in use before: 78.4 MB.
System memory in use after: 78.5 MB.

Unloading 34 unused Assets to reduce memory usage. Loaded Objects now: 2092.
Total: 2.669000 ms (FindLiveObjects: 0.228700 ms CreateObjectMapping: 0.040300 ms MarkObjects: 2.322800 ms  DeleteObjects: 0.076000 ms)

========================================================================
Received Prepare
Default GameObject Tag: Player already registered

Registering precompiled user dll's ...
Registered in 0.013283 seconds.
Begin MonoManager ReloadAssembly
Symbol file LoadedFromMemory is not a mono symbol file
Native extension for WindowsStandalone target not found
Native extension for WebGL target not found
Refreshing native plugins compatible for Editor in 0.55 ms, found 0 plugins.
Preloading 0 native plugins for Editor in 0.00 ms.
Invoked RoslynAnalysisRunner static constructor.
RoslynAnalysisRunner will not be running.
RoslynAnalysisRunner has terminated.
Mono: successfully reloaded assembly
- Completed reload, in  1.131 seconds
Platform modules already initialized, skipping
Refreshing native plugins compatible for Editor in 0.70 ms, found 0 plugins.
Preloading 0 native plugins for Editor in 0.00 ms.
Unloading 1640 Unused Serialized files (Serialized files now loaded: 0)
System memory in use before: 78.4 MB.
System memory in use after: 78.5 MB.

Unloading 34 unused Assets to reduce memory usage. Loaded Objects now: 2094.
Total: 5.113800 ms (FindLiveObjects: 0.533800 ms CreateObjectMapping: 0.326300 ms MarkObjects: 4.089800 ms  DeleteObjects: 0.162200 ms)

AssetImportWorkerClient::OnTransportError - code=2 error=End of file
